=== Sistema Generador de Horarios (API) ===
Iniciando servidor en http://0.0.0.0:8080

Endpoints disponibles:
  POST /solve    - Body JSON. Ejemplo (use 'malla' y opcional 'sheet' para seleccionar hoja interna):
{
    "email": "alumno@ejemplo.cl",
    "ramos_pasados": ["CIT3313", "CIT3211"],
    "ramos_prioritarios": ["CIT3313"],
    "horarios_preferidos": ["08:00-10:00"],
    "malla": "MallaCurricular2020.xlsx",
    "sheet": "Malla 2020"
}
  GET /solve     - Query params (comma-separated). Ejemplo:
    /solve?ramos_pasados=CIT3313,CIT3211&ramos_prioritarios=CIT3413&horarios_preferidos=08:00-10:00&malla=MallaCurricular2020.xlsx&sheet=Malla%202020&email=alumno%40ejemplo.cl
  POST /rutacomoda/best - Body: { "file_path": "/path/to/paths.json" } o incluir 'paths' array
  POST /rutacritica/run - Ejecuta el orquestador con body JSON (igual que POST /solve)
  GET /datafiles - Lista archivos disponibles en src/datafiles
  GET /datafiles/content?malla=MiMalla.xlsx[&sheet=Hoja]
      - Devuelve resumen de malla/oferta/porcentajes y lista de hojas internas de la malla
  POST /students  - Guarda un perfil de estudiante (body JSON, se indexa por email)
  GET /help       - Describe la API y muestra ejemplos en JSON

Nota: GET /solve es una versión ligera (parametros por query). Para datos privados o estructuras complejas use POST /solve o POST /rutacritica/run con body JSON.
analytics init failed: unable to open database file: analithics/analytics.db
analytics init failed: unable to open database file: analithics/analytics.db
analytics init failed: unable to open database file: analithics/analytics.db
analytics init failed: unable to open database file: analithics/analytics.db
analytics init failed: unable to open database file: analithics/analytics.db
analytics init failed: unable to open database file: analithics/analytics.db
analytics init failed: unable to open database file: analithics/analytics.db
analytics init failed: unable to open database file: analithics/analytics.db
analytics init failed: unable to open database file: analithics/analytics.db
analytics init failed: unable to open database file: analithics/analytics.db
analytics init failed: unable to open database file: analithics/analytics.db
analytics init failed: unable to open database file: analithics/analytics.db
🔁 [ruta::ejecutar_ruta_critica_with_params] iniciando pipeline de 4 fases...
📋 PHASE 1: getRamoCritico + PERT
🔍 Buscando datafiles desde CWD: "/home/ignatus/Documentos/Github/GA_Backend"
✅ Datafiles encontrados en (CWD): "/home/ignatus/Documentos/Github/GA_Backend/quickshift/src/datafiles"
   malla_path = /home/ignatus/Documentos/Github/GA_Backend/quickshift/src/datafiles/MC2020.xlsx
   oferta_path = /home/ignatus/Documentos/Github/GA_Backend/quickshift/src/datafiles/OA2024.xlsx
   porcentajes_path = /home/ignatus/Documentos/Github/GA_Backend/quickshift/src/datafiles/PA20251.xlsx
   📥 Leyendo malla y porcentajes...
   🔍 Detectado MC - usando parser especial
🔍 [MC OPTIMIZED] Starting - malla_archivo=/home/ignatus/Documentos/Github/GA_Backend/quickshift/src/datafiles/MC2020.xlsx

🚀 MC PARSER: Leyendo Malla Curricular
=====================================

📖 PASO 1: Leyendo MC desde /home/ignatus/Documentos/Github/GA_Backend/quickshift/src/datafiles/MC2020.xlsx
   Usando hoja: 'MallaCurricular2020'
   Columnas detectadas: correlativo=0, codigo=1, nombre=2, prerreq=3, semestre=5
✅ MC: 56 cursos cargados
[DEBUG] correlativo_to_id entries: 56
[DEBUG] SEÑALES Y SISTEMAS (id=30) tiene 2 requisitos originales: [13, 17]
[DEBUG] SEÑALES Y SISTEMAS (id=30) después de conversión: [13, 17]
[DEBUG] TECNOLOGÍAS INALÁMBRICAS (id=40) tiene 1 requisitos originales: [36]
[DEBUG] TECNOLOGÍAS INALÁMBRICAS (id=40) después de conversión: [36]
[DEBUG] SISTEMAS DISTRIBUIDOS (id=35) tiene 2 requisitos originales: [15, 31]
[DEBUG] SISTEMAS DISTRIBUIDOS (id=35) después de conversión: [15, 31]
[DEBUG] PROBABILIDADES Y ESTADÍSTICAS (id=16) tiene 1 requisitos originales: [7]
[DEBUG] PROBABILIDADES Y ESTADÍSTICAS (id=16) después de conversión: [7]
[DEBUG] ARQUITECTURA DE SOFTWARE (id=47) tiene 1 requisitos originales: [37]
[DEBUG] ARQUITECTURA DE SOFTWARE (id=47) después de conversión: [37]
[DEBUG] PROGRAMACIÓN AVANZADA (id=9) tiene 1 requisitos originales: [4]
[DEBUG] PROGRAMACIÓN AVANZADA (id=9) después de conversión: [4]
[DEBUG] MECÁNICA (id=8) tiene 1 requisitos originales: [2]
[DEBUG] MECÁNICA (id=8) después de conversión: [2]
[DEBUG] INTELIGENCIA ARTIFICAL (id=42) tiene 3 requisitos originales: [16, 19, 22]
[DEBUG] INTELIGENCIA ARTIFICAL (id=42) después de conversión: [16, 19, 22]
[DEBUG] ARQUITECTURAS EMERGENTES (id=45) tiene 1 requisitos originales: [35]
[DEBUG] ARQUITECTURAS EMERGENTES (id=45) después de conversión: [35]
[DEBUG] EVALUACION DE PROYECTOS TIC (id=43) tiene 3 requisitos originales: [28, 34, 37]
[DEBUG] EVALUACION DE PROYECTOS TIC (id=43) después de conversión: [28, 34, 37]
[DEBUG] PRÁCTICA PROFESIONAL 1 (id=54) tiene 10 requisitos originales: [3, 5, 10, 15, 16, 17, 18, 19, 20, 21]
[DEBUG] PRÁCTICA PROFESIONAL 1 (id=54) después de conversión: [3, 5, 10, 15, 16, 17, 18, 19, 20, 21]
[DEBUG] OPTIMIZACIÓN (id=22) tiene 2 requisitos originales: [6, 12]
[DEBUG] OPTIMIZACIÓN (id=22) después de conversión: [6, 12]
[DEBUG] ELECTRÓNICA Y ELECTROTECNIA (id=17) tiene 3 requisitos originales: [8, 11, 12]
[DEBUG] ELECTRÓNICA Y ELECTROTECNIA (id=17) después de conversión: [8, 11, 12]
[DEBUG] GESTIÓN ORGANIZACIONAL (id=34) tiene 1 requisitos originales: [54]
[DEBUG] GESTIÓN ORGANIZACIONAL (id=34) después de conversión: [54]
[DEBUG] INTRODUCCIÓN A LA ECONOMÍA (id=39) tiene 1 requisitos originales: [7]
[DEBUG] INTRODUCCIÓN A LA ECONOMÍA (id=39) después de conversión: [7]
[DEBUG] CRIPTOGRAFÍA Y SEGURIDAD EN REDES (id=41) tiene 1 requisitos originales: [23]
[DEBUG] CRIPTOGRAFÍA Y SEGURIDAD EN REDES (id=41) después de conversión: [23]
[DEBUG] PROYECTO EN TICS II (id=53) tiene 1 requisitos originales: [43]
[DEBUG] PROYECTO EN TICS II (id=53) después de conversión: [43]
[DEBUG] Final (id=56) tiene 12 requisitos originales: [44, 45, 46, 47, 48, 49, 50, 51, 52, 53, 54, 55]
[DEBUG] Final (id=56) después de conversión: [44, 45, 46, 47, 48, 49, 50, 51, 52, 53, 54, 55]
[DEBUG] INGENIERÍA DE SOFTWARE (id=37) tiene 2 requisitos originales: [19, 24]
[DEBUG] INGENIERÍA DE SOFTWARE (id=37) después de conversión: [19, 24]
[DEBUG] CÁLCULO III (id=12) tiene 1 requisitos originales: [7]
[DEBUG] CÁLCULO III (id=12) después de conversión: [7]
[DEBUG] BASES DE DATOS AVANZADAS (id=25) tiene 1 requisitos originales: [19]
[DEBUG] BASES DE DATOS AVANZADAS (id=25) después de conversión: [19]
[DEBUG] INGLÉS GENERAL III (id=33) tiene 1 requisitos originales: [27]
[DEBUG] INGLÉS GENERAL III (id=33) después de conversión: [27]
[DEBUG] COMUNICACIONES DIGITALES (id=36) tiene 2 requisitos originales: [18, 30]
[DEBUG] COMUNICACIONES DIGITALES (id=36) después de conversión: [18, 30]
[DEBUG] DATA SCIENCE (id=48) tiene 2 requisitos originales: [25, 42]
[DEBUG] DATA SCIENCE (id=48) después de conversión: [25, 42]
[DEBUG] ESTRUCTURAS DE DATOS Y ALGORITMOS (id=14) tiene 1 requisitos originales: [9]
[DEBUG] ESTRUCTURAS DE DATOS Y ALGORITMOS (id=14) después de conversión: [9]
[DEBUG] PRÁCTICA PROFESIONAL 2 (id=55) tiene 13 requisitos originales: [22, 25, 26, 29, 32, 33, 35, 38, 39, 40, 41, 42, 43]
[DEBUG] PRÁCTICA PROFESIONAL 2 (id=55) después de conversión: [22, 25, 26, 29, 32, 33, 35, 38, 39, 40, 41, 42, 43]
[DEBUG] CALOR Y ONDAS (id=13) tiene 2 requisitos originales: [7, 8]
[DEBUG] CALOR Y ONDAS (id=13) después de conversión: [7, 8]
[DEBUG] DESARROLLO WEB Y MÓVIL (id=20) tiene 1 requisitos originales: [9]
[DEBUG] DESARROLLO WEB Y MÓVIL (id=20) después de conversión: [9]
[DEBUG] INGLÉS GENERAL II (id=27) tiene 1 requisitos originales: [21]
[DEBUG] INGLÉS GENERAL II (id=27) después de conversión: [21]
[DEBUG] TALLER DE REDES Y SERVICIOS (id=23) tiene 2 requisitos originales: [15, 16]
[DEBUG] TALLER DE REDES Y SERVICIOS (id=23) después de conversión: [15, 16]
[DEBUG] SISTEMAS OPERATIVOS (id=31) tiene 2 requisitos originales: [14, 23]
[DEBUG] SISTEMAS OPERATIVOS (id=31) después de conversión: [14, 23]
[DEBUG] REDES DE DATOS (id=15) tiene 1 requisitos originales: [9]
[DEBUG] REDES DE DATOS (id=15) después de conversión: [9]
[DEBUG] CONTABILIDAD Y COSTOS (id=28) tiene 1 requisitos originales: [2]
[DEBUG] CONTABILIDAD Y COSTOS (id=28) después de conversión: [2]
[DEBUG] CÁLCULO II (id=7) tiene 1 requisitos originales: [2]
[DEBUG] CÁLCULO II (id=7) después de conversión: [2]
[DEBUG] ÁLGEBRA LINEAL (id=6) tiene 1 requisitos originales: [1]
[DEBUG] ÁLGEBRA LINEAL (id=6) después de conversión: [1]
[DEBUG] ELECTRICIDAD Y MAGNETISMO (id=18) tiene 2 requisitos originales: [11, 12]
[DEBUG] ELECTRICIDAD Y MAGNETISMO (id=18) después de conversión: [11, 12]
[DEBUG] ECUACIONES DIFERENCIALES (id=11) tiene 2 requisitos originales: [6, 7]
[DEBUG] ECUACIONES DIFERENCIALES (id=11) después de conversión: [6, 7]
[DEBUG] BASES DE DATOS (id=19) tiene 1 requisitos originales: [14]
[DEBUG] BASES DE DATOS (id=19) después de conversión: [14]
[DEBUG] PROYECTO EN TICS I (id=24) tiene 2 requisitos originales: [15, 20]
[DEBUG] PROYECTO EN TICS I (id=24) después de conversión: [15, 20]
[DEBUG] ARQUITECTURA Y ORGANIZ DE COMPUTADORES (id=29) tiene 2 requisitos originales: [15, 17]
[DEBUG] ARQUITECTURA Y ORGANIZ DE COMPUTADORES (id=29) después de conversión: [15, 17]
✅ Prerequisitos convertidos de Correlativo a ID

📖 PASO 2: Leyendo OA desde OA2024.xlsx
✅ OA: 0 secciones matcheadas

📖 PASO 3: Leyendo PA desde /home/ignatus/Documentos/Github/GA_Backend/quickshift/src/datafiles/PA20251.xlsx
✅ PA: 42 porcentajes matcheados

✅ MC PARSER COMPLETADO:
  - Ramos de MC: 56
  - Con OA actualizado: 0
  - Con PA (porcentaje): 42
   ✓ ramos cargados: 56
📋 PHASE 2: extract_viable_sections
   📥 Leyendo oferta académica...
   ✓ secciones cargadas: 697
   🧭 Ejecutando PERT (primera pasada)...
🔍 Buscando datafiles desde CWD: "/home/ignatus/Documentos/Github/GA_Backend"
✅ Datafiles encontrados en (CWD): "/home/ignatus/Documentos/Github/GA_Backend/quickshift/src/datafiles"
🔍 Buscando datafiles desde CWD: "/home/ignatus/Documentos/Github/GA_Backend"
✅ Datafiles encontrados en (CWD): "/home/ignatus/Documentos/Github/GA_Backend/quickshift/src/datafiles"
   ✓ PERT completado: ramos actualizados (critico/holgura)
   🔍 Filtrando secciones viables...
   ✓ secciones viables: 697 (de 697)
📋 PHASE 3: clique_search
   [SEAL] Sellando ramos que cumplen prerequisitos con ramos_pasados...
   [SEAL] ramos viables (según ramos_pasados): 16 de 56
   [SEAL] Después de sellar por prerequisitos: 164 secciones
   ✓ clique search completado: 80 soluciones antes de filtrar
📋 PHASE 4: apply_filters (skipped - filters applied in clique)
   ✓ soluciones que cumplen filtros: 80
✅ Pipeline completado: 10 soluciones (máximo 10)
🔁 [ruta::ejecutar_ruta_critica_with_params] iniciando pipeline de 4 fases...
📋 PHASE 1: getRamoCritico + PERT
🔍 Buscando datafiles desde CWD: "/home/ignatus/Documentos/Github/GA_Backend"
✅ Datafiles encontrados en (CWD): "/home/ignatus/Documentos/Github/GA_Backend/quickshift/src/datafiles"
   malla_path = /home/ignatus/Documentos/Github/GA_Backend/quickshift/src/datafiles/MC2020.xlsx
   oferta_path = /home/ignatus/Documentos/Github/GA_Backend/quickshift/src/datafiles/OA2024.xlsx
   porcentajes_path = /home/ignatus/Documentos/Github/GA_Backend/quickshift/src/datafiles/PA20251.xlsx
   📥 Leyendo malla y porcentajes...
   🔍 Detectado MC - usando parser especial
🔍 [MC OPTIMIZED] Starting - malla_archivo=/home/ignatus/Documentos/Github/GA_Backend/quickshift/src/datafiles/MC2020.xlsx

🚀 MC PARSER: Leyendo Malla Curricular
=====================================

📖 PASO 1: Leyendo MC desde /home/ignatus/Documentos/Github/GA_Backend/quickshift/src/datafiles/MC2020.xlsx
   Usando hoja: 'MallaCurricular2020'
   Columnas detectadas: correlativo=0, codigo=1, nombre=2, prerreq=3, semestre=5
✅ MC: 56 cursos cargados
[DEBUG] correlativo_to_id entries: 56
[DEBUG] PROGRAMACIÓN AVANZADA (id=9) tiene 1 requisitos originales: [4]
[DEBUG] PROGRAMACIÓN AVANZADA (id=9) después de conversión: [4]
[DEBUG] EVALUACION DE PROYECTOS TIC (id=43) tiene 3 requisitos originales: [28, 34, 37]
[DEBUG] EVALUACION DE PROYECTOS TIC (id=43) después de conversión: [28, 34, 37]
[DEBUG] ARQUITECTURA DE SOFTWARE (id=47) tiene 1 requisitos originales: [37]
[DEBUG] ARQUITECTURA DE SOFTWARE (id=47) después de conversión: [37]
[DEBUG] PROYECTO EN TICS II (id=53) tiene 1 requisitos originales: [43]
[DEBUG] PROYECTO EN TICS II (id=53) después de conversión: [43]
[DEBUG] ECUACIONES DIFERENCIALES (id=11) tiene 2 requisitos originales: [6, 7]
[DEBUG] ECUACIONES DIFERENCIALES (id=11) después de conversión: [6, 7]
[DEBUG] CÁLCULO II (id=7) tiene 1 requisitos originales: [2]
[DEBUG] CÁLCULO II (id=7) después de conversión: [2]
[DEBUG] REDES DE DATOS (id=15) tiene 1 requisitos originales: [9]
[DEBUG] REDES DE DATOS (id=15) después de conversión: [9]
[DEBUG] PROBABILIDADES Y ESTADÍSTICAS (id=16) tiene 1 requisitos originales: [7]
[DEBUG] PROBABILIDADES Y ESTADÍSTICAS (id=16) después de conversión: [7]
[DEBUG] SISTEMAS OPERATIVOS (id=31) tiene 2 requisitos originales: [14, 23]
[DEBUG] SISTEMAS OPERATIVOS (id=31) después de conversión: [14, 23]
[DEBUG] TECNOLOGÍAS INALÁMBRICAS (id=40) tiene 1 requisitos originales: [36]
[DEBUG] TECNOLOGÍAS INALÁMBRICAS (id=40) después de conversión: [36]
[DEBUG] CRIPTOGRAFÍA Y SEGURIDAD EN REDES (id=41) tiene 1 requisitos originales: [23]
[DEBUG] CRIPTOGRAFÍA Y SEGURIDAD EN REDES (id=41) después de conversión: [23]
[DEBUG] Final (id=56) tiene 12 requisitos originales: [44, 45, 46, 47, 48, 49, 50, 51, 52, 53, 54, 55]
[DEBUG] Final (id=56) después de conversión: [44, 45, 46, 47, 48, 49, 50, 51, 52, 53, 54, 55]
[DEBUG] CÁLCULO III (id=12) tiene 1 requisitos originales: [7]
[DEBUG] CÁLCULO III (id=12) después de conversión: [7]
[DEBUG] ARQUITECTURA Y ORGANIZ DE COMPUTADORES (id=29) tiene 2 requisitos originales: [15, 17]
[DEBUG] ARQUITECTURA Y ORGANIZ DE COMPUTADORES (id=29) después de conversión: [15, 17]
[DEBUG] INTELIGENCIA ARTIFICAL (id=42) tiene 3 requisitos originales: [16, 19, 22]
[DEBUG] INTELIGENCIA ARTIFICAL (id=42) después de conversión: [16, 19, 22]
[DEBUG] BASES DE DATOS (id=19) tiene 1 requisitos originales: [14]
[DEBUG] BASES DE DATOS (id=19) después de conversión: [14]
[DEBUG] DESARROLLO WEB Y MÓVIL (id=20) tiene 1 requisitos originales: [9]
[DEBUG] DESARROLLO WEB Y MÓVIL (id=20) después de conversión: [9]
[DEBUG] GESTIÓN ORGANIZACIONAL (id=34) tiene 1 requisitos originales: [54]
[DEBUG] GESTIÓN ORGANIZACIONAL (id=34) después de conversión: [54]
[DEBUG] TALLER DE REDES Y SERVICIOS (id=23) tiene 2 requisitos originales: [15, 16]
[DEBUG] TALLER DE REDES Y SERVICIOS (id=23) después de conversión: [15, 16]
[DEBUG] ARQUITECTURAS EMERGENTES (id=45) tiene 1 requisitos originales: [35]
[DEBUG] ARQUITECTURAS EMERGENTES (id=45) después de conversión: [35]
[DEBUG] ELECTRICIDAD Y MAGNETISMO (id=18) tiene 2 requisitos originales: [11, 12]
[DEBUG] ELECTRICIDAD Y MAGNETISMO (id=18) después de conversión: [11, 12]
[DEBUG] CONTABILIDAD Y COSTOS (id=28) tiene 1 requisitos originales: [2]
[DEBUG] CONTABILIDAD Y COSTOS (id=28) después de conversión: [2]
[DEBUG] ESTRUCTURAS DE DATOS Y ALGORITMOS (id=14) tiene 1 requisitos originales: [9]
[DEBUG] ESTRUCTURAS DE DATOS Y ALGORITMOS (id=14) después de conversión: [9]
[DEBUG] INGENIERÍA DE SOFTWARE (id=37) tiene 2 requisitos originales: [19, 24]
[DEBUG] INGENIERÍA DE SOFTWARE (id=37) después de conversión: [19, 24]
[DEBUG] ELECTRÓNICA Y ELECTROTECNIA (id=17) tiene 3 requisitos originales: [8, 11, 12]
[DEBUG] ELECTRÓNICA Y ELECTROTECNIA (id=17) después de conversión: [8, 11, 12]
[DEBUG] INGLÉS GENERAL III (id=33) tiene 1 requisitos originales: [27]
[DEBUG] INGLÉS GENERAL III (id=33) después de conversión: [27]
[DEBUG] PROYECTO EN TICS I (id=24) tiene 2 requisitos originales: [15, 20]
[DEBUG] PROYECTO EN TICS I (id=24) después de conversión: [15, 20]
[DEBUG] INTRODUCCIÓN A LA ECONOMÍA (id=39) tiene 1 requisitos originales: [7]
[DEBUG] INTRODUCCIÓN A LA ECONOMÍA (id=39) después de conversión: [7]
[DEBUG] DATA SCIENCE (id=48) tiene 2 requisitos originales: [25, 42]
[DEBUG] DATA SCIENCE (id=48) después de conversión: [25, 42]
[DEBUG] CALOR Y ONDAS (id=13) tiene 2 requisitos originales: [7, 8]
[DEBUG] CALOR Y ONDAS (id=13) después de conversión: [7, 8]
[DEBUG] PRÁCTICA PROFESIONAL 1 (id=54) tiene 10 requisitos originales: [3, 5, 10, 15, 16, 17, 18, 19, 20, 21]
[DEBUG] PRÁCTICA PROFESIONAL 1 (id=54) después de conversión: [3, 5, 10, 15, 16, 17, 18, 19, 20, 21]
[DEBUG] PRÁCTICA PROFESIONAL 2 (id=55) tiene 13 requisitos originales: [22, 25, 26, 29, 32, 33, 35, 38, 39, 40, 41, 42, 43]
[DEBUG] PRÁCTICA PROFESIONAL 2 (id=55) después de conversión: [22, 25, 26, 29, 32, 33, 35, 38, 39, 40, 41, 42, 43]
[DEBUG] MECÁNICA (id=8) tiene 1 requisitos originales: [2]
[DEBUG] MECÁNICA (id=8) después de conversión: [2]
[DEBUG] OPTIMIZACIÓN (id=22) tiene 2 requisitos originales: [6, 12]
[DEBUG] OPTIMIZACIÓN (id=22) después de conversión: [6, 12]
[DEBUG] BASES DE DATOS AVANZADAS (id=25) tiene 1 requisitos originales: [19]
[DEBUG] BASES DE DATOS AVANZADAS (id=25) después de conversión: [19]
[DEBUG] COMUNICACIONES DIGITALES (id=36) tiene 2 requisitos originales: [18, 30]
[DEBUG] COMUNICACIONES DIGITALES (id=36) después de conversión: [18, 30]
[DEBUG] ÁLGEBRA LINEAL (id=6) tiene 1 requisitos originales: [1]
[DEBUG] ÁLGEBRA LINEAL (id=6) después de conversión: [1]
[DEBUG] SISTEMAS DISTRIBUIDOS (id=35) tiene 2 requisitos originales: [15, 31]
[DEBUG] SISTEMAS DISTRIBUIDOS (id=35) después de conversión: [15, 31]
[DEBUG] SEÑALES Y SISTEMAS (id=30) tiene 2 requisitos originales: [13, 17]
[DEBUG] SEÑALES Y SISTEMAS (id=30) después de conversión: [13, 17]
[DEBUG] INGLÉS GENERAL II (id=27) tiene 1 requisitos originales: [21]
[DEBUG] INGLÉS GENERAL II (id=27) después de conversión: [21]
✅ Prerequisitos convertidos de Correlativo a ID

📖 PASO 2: Leyendo OA desde OA2024.xlsx
✅ OA: 0 secciones matcheadas

📖 PASO 3: Leyendo PA desde /home/ignatus/Documentos/Github/GA_Backend/quickshift/src/datafiles/PA20251.xlsx
✅ PA: 42 porcentajes matcheados

✅ MC PARSER COMPLETADO:
  - Ramos de MC: 56
  - Con OA actualizado: 0
  - Con PA (porcentaje): 42
   ✓ ramos cargados: 56
📋 PHASE 2: extract_viable_sections
   📥 Leyendo oferta académica...
   ✓ secciones cargadas: 697
   🧭 Ejecutando PERT (primera pasada)...
🔍 Buscando datafiles desde CWD: "/home/ignatus/Documentos/Github/GA_Backend"
✅ Datafiles encontrados en (CWD): "/home/ignatus/Documentos/Github/GA_Backend/quickshift/src/datafiles"
🔍 Buscando datafiles desde CWD: "/home/ignatus/Documentos/Github/GA_Backend"
✅ Datafiles encontrados en (CWD): "/home/ignatus/Documentos/Github/GA_Backend/quickshift/src/datafiles"
   ✓ PERT completado: ramos actualizados (critico/holgura)
   🔍 Filtrando secciones viables...
   ✓ secciones viables: 697 (de 697)
📋 PHASE 3: clique_search
   [SEAL] Sellando ramos que cumplen prerequisitos con ramos_pasados...
   [SEAL] ramos viables (según ramos_pasados): 16 de 56
   [SEAL] Después de sellar por prerequisitos: 164 secciones
   ✓ clique search completado: 80 soluciones antes de filtrar
📋 PHASE 4: apply_filters (skipped - filters applied in clique)
   ✓ soluciones que cumplen filtros: 80
✅ Pipeline completado: 10 soluciones (máximo 10)
